<?xml version="1.0" encoding="UTF-8"?>
<!-- Generated by org.testng.reporters.JUnitReportReporter -->
<testsuite hostname="LAPTOP-K64774S4" name="amazonTest.amazonTest.amazonTest" tests="4" failures="0" timestamp="19 Nov 2019 23:32:48 GMT" time="79.013" errors="0">
  <testcase name="thirdCase" time="9.747" classname="amazonTest.amazonTest.amazonTest"/>
  <testcase name="fourthCase" time="43.669" classname="amazonTest.amazonTest.amazonTest"/>
  <testcase name="secondCase" time="10.996" classname="amazonTest.amazonTest.amazonTest"/>
  <testcase name="firstCase" time="14.601" classname="amazonTest.amazonTest.amazonTest"/>
</testsuite> <!-- amazonTest.amazonTest.amazonTest -->
